<?xml version="1.0" encoding="UTF-8"?>
<coverage generated="1732778924">
  <project timestamp="1732778924">
    <file name="/app/src/main/php/Core/Api/Endpoint.php">
      <class name="Mys\Core\Api\Endpoint" namespace="global">
        <metrics complexity="11" methods="11" coveredmethods="11" conditionals="0" coveredconditionals="0" statements="16" coveredstatements="16" elements="27" coveredelements="27"/>
      </class>
      <line num="41" type="method" name="__construct" visibility="public" complexity="1" crap="1" count="32"/>
      <line num="43" type="stmt" count="32"/>
      <line num="44" type="stmt" count="32"/>
      <line num="45" type="stmt" count="32"/>
      <line num="46" type="stmt" count="32"/>
      <line num="47" type="stmt" count="32"/>
      <line num="48" type="stmt" count="32"/>
      <line num="54" type="method" name="getPath" visibility="public" complexity="1" crap="1" count="32"/>
      <line num="56" type="stmt" count="32"/>
      <line num="64" type="method" name="setPath" visibility="public" complexity="1" crap="1" count="32"/>
      <line num="66" type="stmt" count="32"/>
      <line num="72" type="method" name="getClass" visibility="public" complexity="1" crap="1" count="28"/>
      <line num="74" type="stmt" count="28"/>
      <line num="80" type="method" name="getFunction" visibility="public" complexity="1" crap="1" count="28"/>
      <line num="82" type="stmt" count="28"/>
      <line num="88" type="method" name="getMethod" visibility="public" complexity="1" crap="1" count="32"/>
      <line num="90" type="stmt" count="32"/>
      <line num="98" type="method" name="setMethod" visibility="public" complexity="1" crap="1" count="4"/>
      <line num="100" type="stmt" count="4"/>
      <line num="106" type="method" name="getProduces" visibility="public" complexity="1" crap="1" count="29"/>
      <line num="108" type="stmt" count="29"/>
      <line num="116" type="method" name="setProduces" visibility="public" complexity="1" crap="1" count="3"/>
      <line num="118" type="stmt" count="3"/>
      <line num="126" type="method" name="setConsumes" visibility="public" complexity="1" crap="1" count="3"/>
      <line num="128" type="stmt" count="3"/>
      <line num="134" type="method" name="getConsumes" visibility="public" complexity="1" crap="1" count="28"/>
      <line num="136" type="stmt" count="28"/>
      <metrics loc="138" ncloc="78" classes="1" methods="11" coveredmethods="11" conditionals="0" coveredconditionals="0" statements="16" coveredstatements="16" elements="27" coveredelements="27"/>
    </file>
    <file name="/app/src/main/php/Core/Api/HttpRouteRegister.php">
      <class name="Mys\Core\Api\HttpRouteRegister" namespace="global">
        <metrics complexity="11" methods="3" coveredmethods="3" conditionals="0" coveredconditionals="0" statements="28" coveredstatements="28" elements="31" coveredelements="31"/>
      </class>
      <line num="39" type="method" name="__construct" visibility="public" complexity="1" crap="1" count="31"/>
      <line num="41" type="stmt" count="31"/>
      <line num="42" type="stmt" count="31"/>
      <line num="43" type="stmt" count="31"/>
      <line num="51" type="method" name="registerEndpoint" visibility="public" complexity="2" crap="2" count="31"/>
      <line num="53" type="stmt" count="31"/>
      <line num="55" type="stmt" count="31"/>
      <line num="57" type="stmt" count="31"/>
      <line num="65" type="method" name="processRequest" visibility="public" complexity="8" crap="8" count="31"/>
      <line num="67" type="stmt" count="31"/>
      <line num="69" type="stmt" count="1"/>
      <line num="72" type="stmt" count="30"/>
      <line num="73" type="stmt" count="30"/>
      <line num="75" type="stmt" count="1"/>
      <line num="79" type="stmt" count="29"/>
      <line num="81" type="stmt" count="29"/>
      <line num="83" type="stmt" count="1"/>
      <line num="85" type="stmt" count="28"/>
      <line num="87" type="stmt" count="1"/>
      <line num="90" type="stmt" count="27"/>
      <line num="91" type="stmt" count="27"/>
      <line num="95" type="stmt" count="27"/>
      <line num="96" type="stmt" count="26"/>
      <line num="97" type="stmt" count="25"/>
      <line num="99" type="stmt" count="22"/>
      <line num="101" type="stmt" count="6"/>
      <line num="105" type="stmt" count="17"/>
      <line num="108" type="stmt" count="5"/>
      <line num="110" type="stmt" count="1"/>
      <line num="112" type="stmt" count="4"/>
      <line num="114" type="stmt" count="4"/>
      <metrics loc="117" ncloc="93" classes="1" methods="3" coveredmethods="3" conditionals="0" coveredconditionals="0" statements="28" coveredstatements="28" elements="31" coveredelements="31"/>
    </file>
    <file name="/app/src/main/php/Core/Api/HttpStatus/ClientExceptions/MethodNotAllowedException.php">
      <class name="Mys\Core\Api\HttpStatus\ClientExceptions\MethodNotAllowedException" namespace="global">
        <metrics complexity="1" methods="1" coveredmethods="1" conditionals="0" coveredconditionals="0" statements="1" coveredstatements="1" elements="2" coveredelements="2"/>
      </class>
      <line num="12" type="method" name="__construct" visibility="public" complexity="1" crap="1" count="1"/>
      <line num="14" type="stmt" count="1"/>
      <metrics loc="16" ncloc="13" classes="1" methods="1" coveredmethods="1" conditionals="0" coveredconditionals="0" statements="1" coveredstatements="1" elements="2" coveredelements="2"/>
    </file>
    <file name="/app/src/main/php/Core/Api/HttpStatus/ClientExceptions/NotAcceptableException.php">
      <class name="Mys\Core\Api\HttpStatus\ClientExceptions\NotAcceptableException" namespace="global">
        <metrics complexity="1" methods="1" coveredmethods="1" conditionals="0" coveredconditionals="0" statements="1" coveredstatements="1" elements="2" coveredelements="2"/>
      </class>
      <line num="12" type="method" name="__construct" visibility="public" complexity="1" crap="1" count="1"/>
      <line num="14" type="stmt" count="1"/>
      <metrics loc="16" ncloc="13" classes="1" methods="1" coveredmethods="1" conditionals="0" coveredconditionals="0" statements="1" coveredstatements="1" elements="2" coveredelements="2"/>
    </file>
    <file name="/app/src/main/php/Core/Api/HttpStatus/ClientExceptions/NotFoundException.php">
      <class name="Mys\Core\Api\HttpStatus\ClientExceptions\NotFoundException" namespace="global">
        <metrics complexity="1" methods="1" coveredmethods="1" conditionals="0" coveredconditionals="0" statements="1" coveredstatements="1" elements="2" coveredelements="2"/>
      </class>
      <line num="12" type="method" name="__construct" visibility="public" complexity="1" crap="1" count="1"/>
      <line num="14" type="stmt" count="1"/>
      <metrics loc="16" ncloc="13" classes="1" methods="1" coveredmethods="1" conditionals="0" coveredconditionals="0" statements="1" coveredstatements="1" elements="2" coveredelements="2"/>
    </file>
    <file name="/app/src/main/php/Core/Api/HttpStatus/ClientExceptions/UnsupportedMediaTypeException.php">
      <class name="Mys\Core\Api\HttpStatus\ClientExceptions\UnsupportedMediaTypeException" namespace="global">
        <metrics complexity="1" methods="1" coveredmethods="1" conditionals="0" coveredconditionals="0" statements="1" coveredstatements="1" elements="2" coveredelements="2"/>
      </class>
      <line num="12" type="method" name="__construct" visibility="public" complexity="1" crap="1" count="1"/>
      <line num="14" type="stmt" count="1"/>
      <metrics loc="16" ncloc="13" classes="1" methods="1" coveredmethods="1" conditionals="0" coveredconditionals="0" statements="1" coveredstatements="1" elements="2" coveredelements="2"/>
    </file>
    <file name="/app/src/main/php/Core/Api/HttpStatus/HttpException.php">
      <class name="Mys\Core\Api\HttpStatus\HttpException" namespace="global">
        <metrics complexity="5" methods="4" coveredmethods="4" conditionals="0" coveredconditionals="0" statements="9" coveredstatements="9" elements="13" coveredelements="13"/>
      </class>
      <line num="30" type="method" name="__construct" visibility="public" complexity="2" crap="2" count="9"/>
      <line num="32" type="stmt" count="9"/>
      <line num="33" type="stmt" count="9"/>
      <line num="34" type="stmt" count="9"/>
      <line num="35" type="stmt" count="9"/>
      <line num="36" type="stmt" count="9"/>
      <line num="38" type="stmt" count="4"/>
      <line num="45" type="method" name="getStatusCode" visibility="public" complexity="1" crap="1" count="9"/>
      <line num="47" type="stmt" count="9"/>
      <line num="53" type="method" name="getStatusText" visibility="public" complexity="1" crap="1" count="9"/>
      <line num="55" type="stmt" count="9"/>
      <line num="61" type="method" name="getErrorMessage" visibility="public" complexity="1" crap="1" count="9"/>
      <line num="63" type="stmt" count="9"/>
      <metrics loc="65" ncloc="42" classes="1" methods="4" coveredmethods="4" conditionals="0" coveredconditionals="0" statements="9" coveredstatements="9" elements="13" coveredelements="13"/>
    </file>
    <file name="/app/src/main/php/Core/Api/HttpStatus/HttpStatus.php">
      <metrics loc="21" ncloc="12" classes="0" methods="0" coveredmethods="0" conditionals="0" coveredconditionals="0" statements="0" coveredstatements="0" elements="0" coveredelements="0"/>
    </file>
    <file name="/app/src/main/php/Core/Api/HttpStatus/ServerExceptions/InternalServerErrorException.php">
      <class name="Mys\Core\Api\HttpStatus\ServerExceptions\InternalServerErrorException" namespace="global">
        <metrics complexity="1" methods="1" coveredmethods="1" conditionals="0" coveredconditionals="0" statements="1" coveredstatements="1" elements="2" coveredelements="2"/>
      </class>
      <line num="14" type="method" name="__construct" visibility="public" complexity="1" crap="1" count="5"/>
      <line num="16" type="stmt" count="5"/>
      <metrics loc="18" ncloc="15" classes="1" methods="1" coveredmethods="1" conditionals="0" coveredconditionals="0" statements="1" coveredstatements="1" elements="2" coveredelements="2"/>
    </file>
    <file name="/app/src/main/php/Core/Api/HttpStatus/Success/NoContent.php">
      <class name="Mys\Core\Api\HttpStatus\Success\NoContent" namespace="global">
        <metrics complexity="4" methods="4" coveredmethods="4" conditionals="0" coveredconditionals="0" statements="5" coveredstatements="5" elements="9" coveredelements="9"/>
      </class>
      <line num="19" type="method" name="__construct" visibility="public" complexity="1" crap="1" count="6"/>
      <line num="21" type="stmt" count="6"/>
      <line num="22" type="stmt" count="6"/>
      <line num="28" type="method" name="getStatusCode" visibility="public" complexity="1" crap="1" count="6"/>
      <line num="30" type="stmt" count="6"/>
      <line num="36" type="method" name="getStatusText" visibility="public" complexity="1" crap="1" count="6"/>
      <line num="38" type="stmt" count="6"/>
      <line num="44" type="method" name="getErrorMessage" visibility="public" complexity="1" crap="1" count="6"/>
      <line num="46" type="stmt" count="6"/>
      <metrics loc="48" ncloc="33" classes="1" methods="4" coveredmethods="4" conditionals="0" coveredconditionals="0" statements="5" coveredstatements="5" elements="9" coveredelements="9"/>
    </file>
    <file name="/app/src/main/php/Core/Api/HttpStatus/Success/Ok.php">
      <class name="Mys\Core\Api\HttpStatus\Success\Ok" namespace="global">
        <metrics complexity="4" methods="4" coveredmethods="4" conditionals="0" coveredconditionals="0" statements="5" coveredstatements="5" elements="9" coveredelements="9"/>
      </class>
      <line num="19" type="method" name="__construct" visibility="public" complexity="1" crap="1" count="17"/>
      <line num="21" type="stmt" count="17"/>
      <line num="22" type="stmt" count="17"/>
      <line num="28" type="method" name="getStatusCode" visibility="public" complexity="1" crap="1" count="17"/>
      <line num="30" type="stmt" count="17"/>
      <line num="36" type="method" name="getStatusText" visibility="public" complexity="1" crap="1" count="17"/>
      <line num="38" type="stmt" count="17"/>
      <line num="44" type="method" name="getErrorMessage" visibility="public" complexity="1" crap="1" count="17"/>
      <line num="46" type="stmt" count="17"/>
      <metrics loc="48" ncloc="33" classes="1" methods="4" coveredmethods="4" conditionals="0" coveredconditionals="0" statements="5" coveredstatements="5" elements="9" coveredelements="9"/>
    </file>
    <file name="/app/src/main/php/Core/Api/Request.php">
      <class name="Mys\Core\Api\Request" namespace="global">
        <metrics complexity="8" methods="8" coveredmethods="8" conditionals="0" coveredconditionals="0" statements="11" coveredstatements="11" elements="19" coveredelements="19"/>
      </class>
      <line num="30" type="method" name="__construct" visibility="public" complexity="1" crap="1" count="31"/>
      <line num="32" type="stmt" count="31"/>
      <line num="33" type="stmt" count="31"/>
      <line num="34" type="stmt" count="31"/>
      <line num="35" type="stmt" count="31"/>
      <line num="44" type="method" name="getPath" visibility="public" complexity="1" crap="1" count="31"/>
      <line num="46" type="stmt" count="31"/>
      <line num="52" type="method" name="getMethod" visibility="public" complexity="1" crap="1" count="30"/>
      <line num="54" type="stmt" count="30"/>
      <line num="62" type="method" name="setMethod" visibility="public" complexity="1" crap="1" count="5"/>
      <line num="64" type="stmt" count="5"/>
      <line num="70" type="method" name="getPayload" visibility="public" complexity="1" crap="1" count="27"/>
      <line num="72" type="stmt" count="27"/>
      <line num="80" type="method" name="setPayload" visibility="public" complexity="1" crap="1" count="1"/>
      <line num="82" type="stmt" count="1"/>
      <line num="88" type="method" name="getHeaders" visibility="public" complexity="1" crap="1" count="29"/>
      <line num="90" type="stmt" count="29"/>
      <line num="99" type="method" name="setHeader" visibility="public" complexity="1" crap="1" count="4"/>
      <line num="101" type="stmt" count="4"/>
      <metrics loc="103" ncloc="60" classes="1" methods="8" coveredmethods="8" conditionals="0" coveredconditionals="0" statements="11" coveredstatements="11" elements="19" coveredelements="19"/>
    </file>
    <file name="/app/src/main/php/Core/Api/Response.php">
      <class name="Mys\Core\Api\Response" namespace="global">
        <metrics complexity="15" methods="7" coveredmethods="6" conditionals="0" coveredconditionals="0" statements="30" coveredstatements="24" elements="37" coveredelements="30"/>
      </class>
      <line num="40" type="method" name="__construct" visibility="public" complexity="9" crap="9" count="31"/>
      <line num="42" type="stmt" count="31"/>
      <line num="43" type="stmt" count="31"/>
      <line num="44" type="stmt" count="31"/>
      <line num="45" type="stmt" count="31"/>
      <line num="46" type="stmt" count="31"/>
      <line num="47" type="stmt" count="31"/>
      <line num="49" type="stmt" count="31"/>
      <line num="50" type="stmt" count="31"/>
      <line num="51" type="stmt" count="31"/>
      <line num="53" type="stmt" count="31"/>
      <line num="55" type="stmt" count="12"/>
      <line num="57" type="stmt" count="31"/>
      <line num="59" type="stmt" count="2"/>
      <line num="61" type="stmt" count="31"/>
      <line num="63" type="stmt" count="1"/>
      <line num="65" type="stmt" count="31"/>
      <line num="67" type="stmt" count="1"/>
      <line num="69" type="stmt" count="31"/>
      <line num="71" type="stmt" count="1"/>
      <line num="78" type="method" name="getStatusCode" visibility="public" complexity="1" crap="1" count="18"/>
      <line num="80" type="stmt" count="18"/>
      <line num="86" type="method" name="getStatusText" visibility="public" complexity="1" crap="1" count="11"/>
      <line num="88" type="stmt" count="11"/>
      <line num="94" type="method" name="getErrorMessage" visibility="public" complexity="1" crap="1" count="6"/>
      <line num="96" type="stmt" count="6"/>
      <line num="102" type="method" name="getContent" visibility="public" complexity="1" crap="1" count="6"/>
      <line num="104" type="stmt" count="6"/>
      <line num="110" type="method" name="getContentType" visibility="public" complexity="1" crap="1" count="1"/>
      <line num="112" type="stmt" count="1"/>
      <line num="118" type="method" name="jsonSerialize" visibility="public" complexity="1" crap="2" count="0"/>
      <line num="120" type="stmt" count="0"/>
      <line num="121" type="stmt" count="0"/>
      <line num="122" type="stmt" count="0"/>
      <line num="123" type="stmt" count="0"/>
      <line num="124" type="stmt" count="0"/>
      <line num="126" type="stmt" count="0"/>
      <metrics loc="128" ncloc="91" classes="1" methods="7" coveredmethods="6" conditionals="0" coveredconditionals="0" statements="30" coveredstatements="24" elements="37" coveredelements="30"/>
    </file>
    <file name="/app/src/main/php/Core/Api/RouteRegister.php">
      <metrics loc="20" ncloc="10" classes="0" methods="0" coveredmethods="0" conditionals="0" coveredconditionals="0" statements="0" coveredstatements="0" elements="0" coveredelements="0"/>
    </file>
    <file name="/app/src/main/php/Core/Application/Application.php">
      <class name="Mys\Core\Application\Application" namespace="global">
        <metrics complexity="9" methods="3" coveredmethods="3" conditionals="0" coveredconditionals="0" statements="16" coveredstatements="16" elements="19" coveredelements="19"/>
      </class>
      <line num="42" type="method" name="__construct" visibility="public" complexity="1" crap="1" count="7"/>
      <line num="43" type="stmt" count="7"/>
      <line num="44" type="stmt" count="7"/>
      <line num="45" type="stmt" count="7"/>
      <line num="46" type="stmt" count="7"/>
      <line num="52" type="method" name="init" visibility="public" complexity="1" crap="1" count="7"/>
      <line num="53" type="stmt" count="7"/>
      <line num="61" type="method" name="processModuleList" visibility="private" complexity="7" crap="7" count="7"/>
      <line num="62" type="stmt" count="7"/>
      <line num="64" type="stmt" count="7"/>
      <line num="66" type="stmt" count="6"/>
      <line num="67" type="stmt" count="1"/>
      <line num="69" type="stmt" count="5"/>
      <line num="70" type="stmt" count="4"/>
      <line num="72" type="stmt" count="5"/>
      <line num="73" type="stmt" count="1"/>
      <line num="75" type="stmt" count="6"/>
      <line num="78" type="stmt" count="1"/>
      <line num="79" type="stmt" count="1"/>
      <metrics loc="84" ncloc="56" classes="1" methods="3" coveredmethods="3" conditionals="0" coveredconditionals="0" statements="16" coveredstatements="16" elements="19" coveredelements="19"/>
    </file>
    <file name="/app/src/main/php/Core/Application/ClassIsNotModuleException.php">
      <class name="Mys\Core\Application\ClassIsNotModuleException" namespace="global">
        <metrics complexity="1" methods="1" coveredmethods="1" conditionals="0" coveredconditionals="0" statements="1" coveredstatements="1" elements="2" coveredelements="2"/>
      </class>
      <line num="11" type="method" name="__construct" visibility="public" complexity="1" crap="1" count="1"/>
      <line num="12" type="stmt" count="1"/>
      <metrics loc="14" ncloc="11" classes="1" methods="1" coveredmethods="1" conditionals="0" coveredconditionals="0" statements="1" coveredstatements="1" elements="2" coveredelements="2"/>
    </file>
    <file name="/app/src/main/php/Core/Application/InvalidClassException.php">
      <class name="Mys\Core\Application\InvalidClassException" namespace="global">
        <metrics complexity="1" methods="1" coveredmethods="1" conditionals="0" coveredconditionals="0" statements="1" coveredstatements="1" elements="2" coveredelements="2"/>
      </class>
      <line num="12" type="method" name="__construct" visibility="public" complexity="1" crap="1" count="1"/>
      <line num="14" type="stmt" count="1"/>
      <metrics loc="16" ncloc="13" classes="1" methods="1" coveredmethods="1" conditionals="0" coveredconditionals="0" statements="1" coveredstatements="1" elements="2" coveredelements="2"/>
    </file>
    <file name="/app/src/main/php/Core/ClassNotFoundException.php">
      <class name="Mys\Core\ClassNotFoundException" namespace="global">
        <metrics complexity="1" methods="1" coveredmethods="1" conditionals="0" coveredconditionals="0" statements="1" coveredstatements="1" elements="2" coveredelements="2"/>
      </class>
      <line num="11" type="method" name="__construct" visibility="public" complexity="1" crap="1" count="3"/>
      <line num="12" type="stmt" count="3"/>
      <metrics loc="14" ncloc="11" classes="1" methods="1" coveredmethods="1" conditionals="0" coveredconditionals="0" statements="1" coveredstatements="1" elements="2" coveredelements="2"/>
    </file>
    <file name="/app/src/main/php/Core/Injection/ClassAlreadyRegisteredException.php">
      <class name="Mys\Core\Injection\ClassAlreadyRegisteredException" namespace="global">
        <metrics complexity="1" methods="1" coveredmethods="1" conditionals="0" coveredconditionals="0" statements="1" coveredstatements="1" elements="2" coveredelements="2"/>
      </class>
      <line num="11" type="method" name="__construct" visibility="public" complexity="1" crap="1" count="1"/>
      <line num="12" type="stmt" count="1"/>
      <metrics loc="14" ncloc="11" classes="1" methods="1" coveredmethods="1" conditionals="0" coveredconditionals="0" statements="1" coveredstatements="1" elements="2" coveredelements="2"/>
    </file>
    <file name="/app/src/main/php/Core/Injection/CyclicDependencyDetectedException.php">
      <class name="Mys\Core\Injection\CyclicDependencyDetectedException" namespace="global">
        <metrics complexity="1" methods="1" coveredmethods="1" conditionals="0" coveredconditionals="0" statements="2" coveredstatements="2" elements="3" coveredelements="3"/>
      </class>
      <line num="12" type="method" name="__construct" visibility="public" complexity="1" crap="1" count="2"/>
      <line num="14" type="stmt" count="2"/>
      <line num="15" type="stmt" count="2"/>
      <metrics loc="17" ncloc="14" classes="1" methods="1" coveredmethods="1" conditionals="0" coveredconditionals="0" statements="2" coveredstatements="2" elements="3" coveredelements="3"/>
    </file>
    <file name="/app/src/main/php/Core/Injection/DependencyInjector.php">
      <class name="Mys\Core\Injection\DependencyInjector" namespace="global">
        <metrics complexity="11" methods="4" coveredmethods="4" conditionals="0" coveredconditionals="0" statements="20" coveredstatements="20" elements="24" coveredelements="24"/>
      </class>
      <line num="18" type="method" name="__construct" visibility="public" complexity="1" crap="1" count="19"/>
      <line num="19" type="stmt" count="19"/>
      <line num="30" type="method" name="register" visibility="public" complexity="3" crap="3" count="18"/>
      <line num="31" type="stmt" count="18"/>
      <line num="32" type="stmt" count="1"/>
      <line num="35" type="stmt" count="18"/>
      <line num="45" type="method" name="get" visibility="public" complexity="1" crap="1" count="18"/>
      <line num="46" type="stmt" count="18"/>
      <line num="57" type="method" name="getWithCyclicDependencyDetection" visibility="private" complexity="6" crap="6" count="18"/>
      <line num="58" type="stmt" count="18"/>
      <line num="59" type="stmt" count="1"/>
      <line num="61" type="stmt" count="18"/>
      <line num="64" type="stmt" count="18"/>
      <line num="65" type="stmt" count="18"/>
      <line num="66" type="stmt" count="17"/>
      <line num="67" type="stmt" count="17"/>
      <line num="68" type="stmt" count="3"/>
      <line num="69" type="stmt" count="17"/>
      <line num="70" type="stmt" count="3"/>
      <line num="74" type="stmt" count="2"/>
      <line num="75" type="stmt" count="1"/>
      <line num="78" type="stmt" count="16"/>
      <line num="79" type="stmt" count="15"/>
      <line num="82" type="stmt" count="1"/>
      <metrics loc="85" ncloc="56" classes="1" methods="4" coveredmethods="4" conditionals="0" coveredconditionals="0" statements="20" coveredstatements="20" elements="24" coveredelements="24"/>
    </file>
    <file name="/app/src/main/php/Core/Injection/Injector.php">
      <metrics loc="25" ncloc="12" classes="0" methods="0" coveredmethods="0" conditionals="0" coveredconditionals="0" statements="0" coveredstatements="0" elements="0" coveredelements="0"/>
    </file>
    <file name="/app/src/main/php/Core/Logging/Logger.php">
      <metrics loc="29" ncloc="14" classes="0" methods="0" coveredmethods="0" conditionals="0" coveredconditionals="0" statements="0" coveredstatements="0" elements="0" coveredelements="0"/>
    </file>
    <file name="/app/src/main/php/Core/Module/FileModuleLoader.php">
      <class name="Mys\Core\Module\FileModuleLoader" namespace="global">
        <metrics complexity="2" methods="2" coveredmethods="0" conditionals="0" coveredconditionals="0" statements="2" coveredstatements="0" elements="4" coveredelements="0"/>
      </class>
      <line num="15" type="method" name="__construct" visibility="public" complexity="1" crap="2" count="0"/>
      <line num="17" type="stmt" count="0"/>
      <line num="23" type="method" name="load" visibility="public" complexity="1" crap="2" count="0"/>
      <line num="25" type="stmt" count="0"/>
      <metrics loc="27" ncloc="18" classes="1" methods="2" coveredmethods="0" conditionals="0" coveredconditionals="0" statements="2" coveredstatements="0" elements="4" coveredelements="0"/>
    </file>
    <file name="/app/src/main/php/Core/Module/Module.php">
      <metrics loc="23" ncloc="14" classes="0" methods="0" coveredmethods="0" conditionals="0" coveredconditionals="0" statements="0" coveredstatements="0" elements="0" coveredelements="0"/>
    </file>
    <file name="/app/src/main/php/Core/Module/ModuleList.php">
      <class name="Mys\Core\Module\ModuleList" namespace="global">
        <metrics complexity="2" methods="2" coveredmethods="2" conditionals="0" coveredconditionals="0" statements="7" coveredstatements="7" elements="9" coveredelements="9"/>
      </class>
      <line num="15" type="method" name="__construct" visibility="public" complexity="1" crap="1" count="7"/>
      <line num="17" type="stmt" count="7"/>
      <line num="23" type="method" name="get" visibility="public" complexity="1" crap="1" count="7"/>
      <line num="25" type="stmt" count="7"/>
      <line num="27" type="stmt" count="7"/>
      <line num="28" type="stmt" count="7"/>
      <line num="29" type="stmt" count="6"/>
      <line num="31" type="stmt" count="7"/>
      <line num="32" type="stmt" count="7"/>
      <metrics loc="34" ncloc="25" classes="1" methods="2" coveredmethods="2" conditionals="0" coveredconditionals="0" statements="7" coveredstatements="7" elements="9" coveredelements="9"/>
    </file>
    <file name="/app/src/main/php/Core/Module/ModuleLoader.php">
      <metrics loc="11" ncloc="8" classes="0" methods="0" coveredmethods="0" conditionals="0" coveredconditionals="0" statements="0" coveredstatements="0" elements="0" coveredelements="0"/>
    </file>
    <file name="/app/src/main/php/Core/ParameterRecognition/FunctionNotFoundException.php">
      <class name="Mys\Core\ParameterRecognition\FunctionNotFoundException" namespace="global">
        <metrics complexity="1" methods="1" coveredmethods="1" conditionals="0" coveredconditionals="0" statements="1" coveredstatements="1" elements="2" coveredelements="2"/>
      </class>
      <line num="12" type="method" name="__construct" visibility="public" complexity="1" crap="1" count="1"/>
      <line num="14" type="stmt" count="1"/>
      <metrics loc="16" ncloc="13" classes="1" methods="1" coveredmethods="1" conditionals="0" coveredconditionals="0" statements="1" coveredstatements="1" elements="2" coveredelements="2"/>
    </file>
    <file name="/app/src/main/php/Core/ParameterRecognition/MissingPayloadException.php">
      <class name="Mys\Core\ParameterRecognition\MissingPayloadException" namespace="global">
        <metrics complexity="1" methods="1" coveredmethods="1" conditionals="0" coveredconditionals="0" statements="1" coveredstatements="1" elements="2" coveredelements="2"/>
      </class>
      <line num="12" type="method" name="__construct" visibility="public" complexity="1" crap="1" count="1"/>
      <line num="14" type="stmt" count="1"/>
      <metrics loc="16" ncloc="13" classes="1" methods="1" coveredmethods="1" conditionals="0" coveredconditionals="0" statements="1" coveredstatements="1" elements="2" coveredelements="2"/>
    </file>
    <file name="/app/src/main/php/Core/ParameterRecognition/ParameterRecognition.php">
      <class name="Mys\Core\ParameterRecognition\ParameterRecognition" namespace="global">
        <metrics complexity="6" methods="1" coveredmethods="1" conditionals="0" coveredconditionals="0" statements="20" coveredstatements="20" elements="21" coveredelements="21"/>
      </class>
      <line num="22" type="method" name="recognise" visibility="public" complexity="6" crap="6" count="37"/>
      <line num="24" type="stmt" count="37"/>
      <line num="28" type="stmt" count="37"/>
      <line num="29" type="stmt" count="35"/>
      <line num="31" type="stmt" count="1"/>
      <line num="33" type="stmt" count="34"/>
      <line num="34" type="stmt" count="34"/>
      <line num="35" type="stmt" count="34"/>
      <line num="37" type="stmt" count="8"/>
      <line num="38" type="stmt" count="8"/>
      <line num="41" type="stmt" count="8"/>
      <line num="43" type="stmt" count="1"/>
      <line num="45" type="stmt" count="7"/>
      <line num="46" type="stmt" count="5"/>
      <line num="48" type="stmt" count="3"/>
      <line num="50" type="stmt" count="2"/>
      <line num="51" type="stmt" count="2"/>
      <line num="52" type="stmt" count="2"/>
      <line num="56" type="stmt" count="4"/>
      <line num="58" type="stmt" count="2"/>
      <line num="61" type="stmt" count="33"/>
      <metrics loc="63" ncloc="53" classes="1" methods="1" coveredmethods="1" conditionals="0" coveredconditionals="0" statements="20" coveredstatements="20" elements="21" coveredelements="21"/>
    </file>
    <file name="/app/src/main/php/Logging/SysLogger.php">
      <class name="Mys\Logging\SysLogger" namespace="global">
        <metrics complexity="3" methods="3" coveredmethods="0" conditionals="0" coveredconditionals="0" statements="3" coveredstatements="0" elements="6" coveredelements="0"/>
      </class>
      <line num="17" type="method" name="error" visibility="public" complexity="1" crap="2" count="0"/>
      <line num="19" type="stmt" count="0"/>
      <line num="27" type="method" name="warning" visibility="public" complexity="1" crap="2" count="0"/>
      <line num="29" type="stmt" count="0"/>
      <line num="37" type="method" name="info" visibility="public" complexity="1" crap="2" count="0"/>
      <line num="39" type="stmt" count="0"/>
      <metrics loc="41" ncloc="26" classes="1" methods="3" coveredmethods="0" conditionals="0" coveredconditionals="0" statements="3" coveredstatements="0" elements="6" coveredelements="0"/>
    </file>
    <file name="/app/src/main/php/Modules/Ping/PingComponent.php">
      <class name="Mys\Modules\Ping\PingComponent" namespace="global">
        <metrics complexity="5" methods="5" coveredmethods="0" conditionals="0" coveredconditionals="0" statements="8" coveredstatements="0" elements="13" coveredelements="0"/>
      </class>
      <line num="18" type="method" name="__construct" visibility="public" complexity="1" crap="2" count="0"/>
      <line num="20" type="stmt" count="0"/>
      <line num="28" type="method" name="pingString" visibility="public" complexity="1" crap="2" count="0"/>
      <line num="30" type="stmt" count="0"/>
      <line num="36" type="method" name="ping" visibility="public" complexity="1" crap="2" count="0"/>
      <line num="38" type="stmt" count="0"/>
      <line num="41" type="method" name="pingObject" visibility="public" complexity="1" crap="2" count="0"/>
      <line num="43" type="stmt" count="0"/>
      <line num="52" type="method" name="pingUpdateObject" visibility="public" complexity="1" crap="2" count="0"/>
      <line num="54" type="stmt" count="0"/>
      <line num="55" type="stmt" count="0"/>
      <line num="56" type="stmt" count="0"/>
      <line num="57" type="stmt" count="0"/>
      <metrics loc="59" ncloc="39" classes="1" methods="5" coveredmethods="0" conditionals="0" coveredconditionals="0" statements="8" coveredstatements="0" elements="13" coveredelements="0"/>
    </file>
    <file name="/app/src/main/php/Modules/Ping/PingModule.php">
      <class name="Mys\Modules\Ping\PingModule" namespace="global">
        <metrics complexity="3" methods="3" coveredmethods="0" conditionals="0" coveredconditionals="0" statements="11" coveredstatements="0" elements="14" coveredelements="0"/>
      </class>
      <line num="14" type="method" name="getClasses" visibility="public" complexity="1" crap="2" count="0"/>
      <line num="16" type="stmt" count="0"/>
      <line num="22" type="method" name="getModules" visibility="public" complexity="1" crap="2" count="0"/>
      <line num="24" type="stmt" count="0"/>
      <line num="27" type="method" name="getEndpoints" visibility="public" complexity="1" crap="2" count="0"/>
      <line num="29" type="stmt" count="0"/>
      <line num="30" type="stmt" count="0"/>
      <line num="31" type="stmt" count="0"/>
      <line num="33" type="stmt" count="0"/>
      <line num="34" type="stmt" count="0"/>
      <line num="36" type="stmt" count="0"/>
      <line num="37" type="stmt" count="0"/>
      <line num="38" type="stmt" count="0"/>
      <line num="39" type="stmt" count="0"/>
      <metrics loc="41" ncloc="35" classes="1" methods="3" coveredmethods="0" conditionals="0" coveredconditionals="0" statements="11" coveredstatements="0" elements="14" coveredelements="0"/>
    </file>
    <file name="/app/src/main/php/Modules/Ping/Request/PingAddress.php">
      <class name="Mys\Modules\Ping\Request\PingAddress" namespace="global">
        <metrics complexity="3" methods="3" coveredmethods="0" conditionals="0" coveredconditionals="0" statements="4" coveredstatements="0" elements="7" coveredelements="0"/>
      </class>
      <line num="20" type="method" name="__construct" visibility="public" complexity="1" crap="2" count="0"/>
      <line num="22" type="stmt" count="0"/>
      <line num="23" type="stmt" count="0"/>
      <line num="29" type="method" name="getStreet" visibility="public" complexity="1" crap="2" count="0"/>
      <line num="31" type="stmt" count="0"/>
      <line num="37" type="method" name="getPostalCode" visibility="public" complexity="1" crap="2" count="0"/>
      <line num="39" type="stmt" count="0"/>
      <metrics loc="41" ncloc="26" classes="1" methods="3" coveredmethods="0" conditionals="0" coveredconditionals="0" statements="4" coveredstatements="0" elements="7" coveredelements="0"/>
    </file>
    <file name="/app/src/main/php/Modules/Ping/Request/PingRequest.php">
      <class name="Mys\Modules\Ping\Request\PingRequest" namespace="global">
        <metrics complexity="8" methods="4" coveredmethods="0" conditionals="0" coveredconditionals="0" statements="12" coveredstatements="0" elements="16" coveredelements="0"/>
      </class>
      <line num="25" type="method" name="__construct" visibility="public" complexity="5" crap="30" count="0"/>
      <line num="27" type="stmt" count="0"/>
      <line num="29" type="stmt" count="0"/>
      <line num="31" type="stmt" count="0"/>
      <line num="33" type="stmt" count="0"/>
      <line num="35" type="stmt" count="0"/>
      <line num="37" type="stmt" count="0"/>
      <line num="39" type="stmt" count="0"/>
      <line num="41" type="stmt" count="0"/>
      <line num="43" type="stmt" count="0"/>
      <line num="51" type="method" name="getFirstName" visibility="public" complexity="1" crap="2" count="0"/>
      <line num="53" type="stmt" count="0"/>
      <line num="59" type="method" name="getLastName" visibility="public" complexity="1" crap="2" count="0"/>
      <line num="61" type="stmt" count="0"/>
      <line num="67" type="method" name="getAddress" visibility="public" complexity="1" crap="2" count="0"/>
      <line num="69" type="stmt" count="0"/>
      <metrics loc="71" ncloc="50" classes="1" methods="4" coveredmethods="0" conditionals="0" coveredconditionals="0" statements="12" coveredstatements="0" elements="16" coveredelements="0"/>
    </file>
    <file name="/app/src/main/php/Modules/Test/TestBService.php">
      <class name="Mys\Modules\Test\TestBService" namespace="global">
        <metrics complexity="0" methods="0" coveredmethods="0" conditionals="0" coveredconditionals="0" statements="0" coveredstatements="0" elements="0" coveredelements="0"/>
      </class>
      <metrics loc="8" ncloc="8" classes="0" methods="0" coveredmethods="0" conditionals="0" coveredconditionals="0" statements="0" coveredstatements="0" elements="0" coveredelements="0"/>
    </file>
    <file name="/app/src/main/php/Modules/Test/TestComponent.php">
      <class name="Mys\Modules\Test\TestComponent" namespace="global">
        <metrics complexity="2" methods="2" coveredmethods="0" conditionals="0" coveredconditionals="0" statements="2" coveredstatements="0" elements="4" coveredelements="0"/>
      </class>
      <line num="9" type="method" name="__construct" visibility="public" complexity="1" crap="2" count="0"/>
      <line num="11" type="stmt" count="0"/>
      <line num="14" type="method" name="greeting" visibility="public" complexity="1" crap="2" count="0"/>
      <line num="16" type="stmt" count="0"/>
      <metrics loc="18" ncloc="18" classes="1" methods="2" coveredmethods="0" conditionals="0" coveredconditionals="0" statements="2" coveredstatements="0" elements="4" coveredelements="0"/>
    </file>
    <file name="/app/src/main/php/Modules/Test/TestModule.php">
      <class name="Mys\Modules\Test\TestModule" namespace="global">
        <metrics complexity="3" methods="3" coveredmethods="0" conditionals="0" coveredconditionals="0" statements="3" coveredstatements="0" elements="6" coveredelements="0"/>
      </class>
      <line num="9" type="method" name="getClasses" visibility="public" complexity="1" crap="2" count="0"/>
      <line num="12" type="stmt" count="0"/>
      <line num="18" type="method" name="getModules" visibility="public" complexity="1" crap="2" count="0"/>
      <line num="20" type="stmt" count="0"/>
      <line num="23" type="method" name="getEndpoints" visibility="public" complexity="1" crap="2" count="0"/>
      <line num="25" type="stmt" count="0"/>
      <metrics loc="27" ncloc="27" classes="1" methods="3" coveredmethods="0" conditionals="0" coveredconditionals="0" statements="3" coveredstatements="0" elements="6" coveredelements="0"/>
    </file>
    <file name="/app/src/main/php/Modules/Test/TestService.php">
      <class name="Mys\Modules\Test\TestService" namespace="global">
        <metrics complexity="2" methods="1" coveredmethods="0" conditionals="0" coveredconditionals="0" statements="1" coveredstatements="0" elements="2" coveredelements="0"/>
      </class>
      <line num="11" type="method" name="sayHello" visibility="public" complexity="1" crap="2" count="0"/>
      <line num="13" type="stmt" count="0"/>
      <metrics loc="15" ncloc="15" classes="1" methods="1" coveredmethods="0" conditionals="0" coveredconditionals="0" statements="1" coveredstatements="0" elements="2" coveredelements="0"/>
    </file>
    <file name="/app/src/main/php/Modules/Welcome/WelcomeComponent.php">
      <class name="Mys\Modules\Welcome\WelcomeComponent" namespace="global">
        <metrics complexity="3" methods="2" coveredmethods="0" conditionals="0" coveredconditionals="0" statements="5" coveredstatements="0" elements="7" coveredelements="0"/>
      </class>
      <line num="16" type="method" name="__construct" visibility="public" complexity="1" crap="2" count="0"/>
      <line num="17" type="stmt" count="0"/>
      <line num="23" type="method" name="printWelcomeMessage" visibility="public" complexity="2" crap="6" count="0"/>
      <line num="24" type="stmt" count="0"/>
      <line num="31" type="stmt" count="0"/>
      <line num="32" type="stmt" count="0"/>
      <line num="36" type="stmt" count="0"/>
      <metrics loc="39" ncloc="30" classes="1" methods="2" coveredmethods="0" conditionals="0" coveredconditionals="0" statements="5" coveredstatements="0" elements="7" coveredelements="0"/>
    </file>
    <file name="/app/src/main/php/Modules/Welcome/WelcomeModule.php">
      <class name="Mys\Modules\Welcome\WelcomeModule" namespace="global">
        <metrics complexity="3" methods="3" coveredmethods="0" conditionals="0" coveredconditionals="0" statements="6" coveredstatements="0" elements="9" coveredelements="0"/>
      </class>
      <line num="13" type="method" name="getClasses" visibility="public" complexity="1" crap="2" count="0"/>
      <line num="15" type="stmt" count="0"/>
      <line num="21" type="method" name="getModules" visibility="public" complexity="1" crap="2" count="0"/>
      <line num="23" type="stmt" count="0"/>
      <line num="26" type="method" name="getEndpoints" visibility="public" complexity="1" crap="2" count="0"/>
      <line num="28" type="stmt" count="0"/>
      <line num="29" type="stmt" count="0"/>
      <line num="30" type="stmt" count="0"/>
      <line num="31" type="stmt" count="0"/>
      <metrics loc="33" ncloc="27" classes="1" methods="3" coveredmethods="0" conditionals="0" coveredconditionals="0" statements="6" coveredstatements="0" elements="9" coveredelements="0"/>
    </file>
    <metrics files="41" loc="1651" ncloc="1162" classes="34" methods="94" coveredmethods="62" conditionals="0" coveredconditionals="0" statements="237" coveredstatements="174" elements="331" coveredelements="236"/>
  </project>
</coverage>
